<?xml version="1.0" encoding="UTF-8"?>
<!-- Generated by org.testng.reporters.JUnitReportReporter -->
<testsuite hostname="CDC2-L-01348KL" failures="0" tests="2" name="com.testng.GoogleTitleTest" time="16.283" errors="0" timestamp="2021-02-10T15:18:43 IST" skipped="0">
  <testcase classname="com.testng.GoogleTitleTest" name="googleLogoTest" time="7.952"/>
  <system-out/>
  <testcase classname="com.testng.GoogleTitleTest" name="googleTitleTest" time="8.331"/>
  <system-out/>
</testsuite> <!-- com.testng.GoogleTitleTest -->
