<?xml version="1.0" encoding="UTF-8"?>
<!-- Generated by org.testng.reporters.JUnitReportReporter -->
<testsuite hostname="CDC2-L-01348KL" failures="0" tests="3" name="com.testng.GoogleTest" time="50.786" errors="0" timestamp="2021-02-09T19:58:19 IST" skipped="0">
  <testcase classname="com.testng.GoogleTest" name="googleTitleTest" time="9.743"/>
  <system-out/>
  <testcase classname="com.testng.GoogleTest" name="googleLogoTest" time="31.882"/>
  <system-out/>
  <testcase classname="com.testng.GoogleTest" name="mailLinkTest" time="9.161"/>
  <system-out/>
</testsuite> <!-- com.testng.GoogleTest -->
