<?xml version="1.0" encoding="UTF-8"?>
<!-- Generated by org.testng.reporters.JUnitReportReporter -->
<testsuite hostname="CDC2-L-01348KL" failures="0" tests="1" name="com.testng.TestNGBasics" time="0.009" errors="0" timestamp="2021-02-09T19:39:52 IST" skipped="0">
  <testcase classname="com.testng.TestNGBasics" name="googleTitleTest" time="0.009"/>
  <system-out/>
</testsuite> <!-- com.testng.TestNGBasics -->
