<?xml version="1.0" encoding="UTF-8"?>
<!-- Generated by org.testng.reporters.JUnitReportReporter -->
<testsuite hostname="CDC2-L-01348KL" failures="0" tests="10" name="com.testng.InvocationCountTest" time="0.013" errors="0" timestamp="2021-02-10T13:08:26 IST" skipped="0">
  <testcase classname="com.testng.InvocationCountTest" name="sum" time="0.002"/>
  <system-out/>
  <testcase classname="com.testng.InvocationCountTest" name="sum" time="0.001"/>
  <system-out/>
  <testcase classname="com.testng.InvocationCountTest" name="sum" time="0.001"/>
  <system-out/>
  <testcase classname="com.testng.InvocationCountTest" name="sum" time="0.001"/>
  <system-out/>
  <testcase classname="com.testng.InvocationCountTest" name="sum" time="0.002"/>
  <system-out/>
  <testcase classname="com.testng.InvocationCountTest" name="sum" time="0.001"/>
  <system-out/>
  <testcase classname="com.testng.InvocationCountTest" name="sum" time="0.001"/>
  <system-out/>
  <testcase classname="com.testng.InvocationCountTest" name="sum" time="0.002"/>
  <system-out/>
  <testcase classname="com.testng.InvocationCountTest" name="sum" time="0.001"/>
  <system-out/>
  <testcase classname="com.testng.InvocationCountTest" name="sum" time="0.001"/>
  <system-out/>
</testsuite> <!-- com.testng.InvocationCountTest -->
