<?xml version="1.0" encoding="UTF-8"?>
<!-- Generated by org.testng.reporters.JUnitReportReporter -->
<testsuite hostname="CDC2-L-01348KL" failures="0" tests="1" name="com.testng.ExceptionTimeoutTest" time="0.019" errors="0" timestamp="2021-02-10T13:08:26 IST" skipped="0">
  <testcase classname="com.testng.ExceptionTimeoutTest" name="test1" time="0.019"/>
  <system-out/>
</testsuite> <!-- com.testng.ExceptionTimeoutTest -->
