<?xml version="1.0" encoding="UTF-8"?>
<!-- Generated by org.testng.reporters.JUnitReportReporter -->
<testsuite hostname="CDC2-L-01348KL" failures="0" tests="6" name="com.testng.GoogleTest" time="49.478" errors="0" timestamp="2021-02-10T13:08:26 IST" skipped="0">
  <testcase classname="com.testng.GoogleTest" name="googleTitleTest" time="6.677"/>
  <system-out/>
  <testcase classname="com.testng.GoogleTest" name="mailLinkTest" time="7.463"/>
  <system-out/>
  <testcase classname="com.testng.GoogleTest" name="googleSigninTest" time="9.836"/>
  <system-out/>
  <testcase classname="com.testng.GoogleTest" name="googleLogoTest" time="8.871"/>
  <system-out/>
  <testcase classname="com.testng.GoogleTest" name="test1" time="6.906"/>
  <system-out/>
  <testcase classname="com.testng.GoogleTest" name="test2" time="9.725"/>
  <system-out/>
</testsuite> <!-- com.testng.GoogleTest -->
